2017-08-12 16:03:32 INFO  Connection: 14 - Connected!
2017-08-12 16:03:32 INFO  Reading: 25 - Arquivo não encontrado!
2017-08-12 16:11:56 INFO  Connection: 14 - Connected!
2017-08-12 16:11:56 INFO  Reading: 22 - Lenee
2017-08-12 16:11:56 INFO  Reading: 22 - Megan
2017-08-12 16:11:56 INFO  Reading: 22 - Candida
2017-08-12 16:11:56 INFO  Reading: 22 - Shawn
2017-08-12 16:11:56 INFO  Reading: 22 - Jarrett
2017-08-12 16:11:56 INFO  Reading: 22 - Bobby
2017-08-12 16:11:56 INFO  Reading: 22 - Hewe
2017-08-12 16:11:56 INFO  Reading: 22 - Lazarus
2017-08-12 16:11:56 INFO  Reading: 22 - Mora
2017-08-12 16:11:56 INFO  Reading: 22 - Rudolf
2017-08-12 16:11:56 INFO  Reading: 22 - Jandy
2017-08-12 16:11:56 INFO  Reading: 22 - Leilah
2017-08-12 16:11:56 INFO  Reading: 22 - Haven
2017-08-12 16:11:56 INFO  Reading: 22 - Blanch
2017-08-12 16:11:56 INFO  Reading: 22 - Dwight
2017-08-12 16:11:56 INFO  Reading: 22 - Ossie
2017-08-12 16:11:56 INFO  Reading: 22 - Ramon
2017-08-12 16:11:56 INFO  Reading: 22 - Aristotle
2017-08-12 16:11:56 INFO  Reading: 22 - Urban
2017-08-12 16:11:56 INFO  Reading: 22 - Goldarina
2017-08-12 16:11:56 INFO  Reading: 22 - Matt
2017-08-12 16:11:56 INFO  Reading: 22 - Sascha
2017-08-12 16:11:56 INFO  Reading: 22 - Madonna
2017-08-12 16:11:56 INFO  Reading: 22 - Darrelle
2017-08-12 16:11:56 INFO  Reading: 22 - Elfrida
2017-08-12 16:11:56 INFO  Reading: 22 - Mose
2017-08-12 16:11:56 INFO  Reading: 22 - Hester
2017-08-12 16:11:56 INFO  Reading: 22 - Claybourne
2017-08-12 16:11:56 INFO  Reading: 22 - Buckie
2017-08-12 16:11:56 INFO  Reading: 22 - Germana
2017-08-12 16:11:56 INFO  Reading: 22 - Trish
2017-08-12 16:11:56 INFO  Reading: 22 - Hartwell
2017-08-12 16:11:56 INFO  Reading: 22 - Sheilah
2017-08-12 16:11:56 INFO  Reading: 22 - Wolfie
2017-08-12 16:11:56 INFO  Reading: 22 - Caspar
2017-08-12 16:11:56 INFO  Reading: 22 - Vincent
2017-08-12 16:11:56 INFO  Reading: 22 - Lolly
2017-08-12 16:11:56 INFO  Reading: 22 - Rhianon
2017-08-12 16:11:56 INFO  Reading: 22 - Elane
2017-08-12 16:11:56 INFO  Reading: 22 - Carce
2017-08-12 16:11:56 INFO  Reading: 22 - Vanya
2017-08-12 16:11:56 INFO  Reading: 22 - Thorn
2017-08-12 16:11:56 INFO  Reading: 22 - Findley
2017-08-12 16:11:56 INFO  Reading: 22 - Zane
2017-08-12 16:11:56 INFO  Reading: 22 - Bernadette
2017-08-12 16:11:56 INFO  Reading: 22 - Herrick
2017-08-12 16:11:56 INFO  Reading: 22 - Kathe
2017-08-12 16:11:56 INFO  Reading: 22 - Nickie
2017-08-12 16:11:56 INFO  Reading: 22 - Laina
2017-08-12 16:11:56 INFO  Reading: 22 - Artair
2017-08-12 16:11:56 INFO  Reading: 22 - Ambros
2017-08-12 16:11:56 INFO  Reading: 22 - Germayne
2017-08-12 16:11:56 INFO  Reading: 22 - Patrick
2017-08-12 16:11:56 INFO  Reading: 22 - Brina
2017-08-12 16:11:56 INFO  Reading: 22 - Debee
2017-08-12 16:11:56 INFO  Reading: 22 - Maggie
2017-08-12 16:11:56 INFO  Reading: 22 - Maryellen
2017-08-12 16:11:56 INFO  Reading: 22 - Caleb
2017-08-12 16:11:56 INFO  Reading: 22 - Delora
2017-08-12 16:11:56 INFO  Reading: 22 - Valaria
2017-08-12 16:11:56 INFO  Reading: 22 - Violetta
2017-08-12 16:11:56 INFO  Reading: 22 - Prudy
2017-08-12 16:11:56 INFO  Reading: 22 - Gizela
2017-08-12 16:11:56 INFO  Reading: 22 - Eddy
2017-08-12 16:11:56 INFO  Reading: 22 - Jeanne
2017-08-12 16:11:56 INFO  Reading: 22 - Madelin
2017-08-12 16:11:56 INFO  Reading: 22 - Faber
2017-08-12 16:11:56 INFO  Reading: 22 - Briggs
2017-08-12 16:11:56 INFO  Reading: 22 - Guinevere
2017-08-12 16:11:56 INFO  Reading: 22 - Ajay
2017-08-12 16:11:56 INFO  Reading: 22 - Nevins
2017-08-12 16:11:56 INFO  Reading: 22 - Francene
2017-08-12 16:11:56 INFO  Reading: 22 - Leslie
2017-08-12 16:11:56 INFO  Reading: 22 - Gustaf
2017-08-12 16:11:56 INFO  Reading: 22 - Kirsten
2017-08-12 16:11:56 INFO  Reading: 22 - Adrian
2017-08-12 16:11:56 INFO  Reading: 22 - Marigold
2017-08-12 16:11:56 INFO  Reading: 22 - Tricia
2017-08-12 16:11:56 INFO  Reading: 22 - Maryanne
2017-08-12 16:11:56 INFO  Reading: 22 - Killian
2017-08-12 16:11:56 INFO  Reading: 22 - Cornelle
2017-08-12 16:11:56 INFO  Reading: 22 - Anastassia
2017-08-12 16:11:56 INFO  Reading: 22 - Malina
2017-08-12 16:11:56 INFO  Reading: 22 - Jeanne
2017-08-12 16:11:56 INFO  Reading: 22 - Sly
2017-08-12 16:11:56 INFO  Reading: 22 - Ellette
2017-08-12 16:11:56 INFO  Reading: 22 - Gusella
2017-08-12 16:11:56 INFO  Reading: 22 - Jerald
2017-08-12 16:11:56 INFO  Reading: 22 - Emelia
2017-08-12 16:11:56 INFO  Reading: 22 - Tamas
2017-08-12 16:11:56 INFO  Reading: 22 - Charil
2017-08-12 16:11:56 INFO  Reading: 22 - Karalee
2017-08-12 16:11:56 INFO  Reading: 22 - Sonni
2017-08-12 16:11:56 INFO  Reading: 22 - Aldridge
2017-08-12 16:11:56 INFO  Reading: 22 - Catlin
2017-08-12 16:11:56 INFO  Reading: 22 - Cart
2017-08-12 16:11:56 INFO  Reading: 22 - Rowland
2017-08-12 16:11:56 INFO  Reading: 22 - Barbette
2017-08-12 16:11:56 INFO  Reading: 22 - Evita
2017-08-12 16:11:56 INFO  Reading: 22 - Hetty
2017-08-12 16:11:56 INFO  Reading: 22 - Olimpia
2017-08-12 16:11:56 INFO  Reading: 22 - Rhys
2017-08-12 16:11:56 INFO  Reading: 22 - Marion
2017-08-12 16:11:56 INFO  Reading: 22 - Nico
2017-08-12 16:11:56 INFO  Reading: 22 - Kath
2017-08-12 16:11:56 INFO  Reading: 22 - Richmound
2017-08-12 16:11:56 INFO  Reading: 22 - Deeann
2017-08-12 16:11:56 INFO  Reading: 22 - Caldwell
2017-08-12 16:11:56 INFO  Reading: 22 - Jessee
2017-08-12 16:11:56 INFO  Reading: 22 - Malanie
2017-08-12 16:11:56 INFO  Reading: 22 - Filide
2017-08-12 16:11:56 INFO  Reading: 22 - Melisa
2017-08-12 16:11:56 INFO  Reading: 22 - Rem
2017-08-12 16:11:56 INFO  Reading: 22 - Coletta
2017-08-12 16:11:56 INFO  Reading: 22 - Derron
2017-08-12 16:11:56 INFO  Reading: 22 - Gabriella
2017-08-12 16:11:56 INFO  Reading: 22 - Brocky
2017-08-12 16:11:56 INFO  Reading: 22 - Dewey
2017-08-12 16:11:56 INFO  Reading: 22 - Megan
2017-08-12 16:11:56 INFO  Reading: 22 - Jannel
2017-08-12 16:11:56 INFO  Reading: 22 - Conrado
2017-08-12 16:11:56 INFO  Reading: 22 - Bing
2017-08-12 16:11:56 INFO  Reading: 22 - Ruddy
2017-08-12 16:11:56 INFO  Reading: 22 - Stanislaus
2017-08-12 16:11:56 INFO  Reading: 22 - Freddy
2017-08-12 16:11:56 INFO  Reading: 22 - Pru
2017-08-12 16:11:56 INFO  Reading: 22 - Kathye
2017-08-12 16:11:56 INFO  Reading: 22 - Korey
2017-08-12 16:11:56 INFO  Reading: 22 - Moll
2017-08-12 16:11:56 INFO  Reading: 22 - Darrel
2017-08-12 16:11:56 INFO  Reading: 22 - Shelden
2017-08-12 16:11:56 INFO  Reading: 22 - Lexis
2017-08-12 16:11:56 INFO  Reading: 22 - Karmen
2017-08-12 16:11:56 INFO  Reading: 22 - Beret
2017-08-12 16:11:56 INFO  Reading: 22 - Pamelina
2017-08-12 16:11:56 INFO  Reading: 22 - Rollin
2017-08-12 16:11:56 INFO  Reading: 22 - Nicki
2017-08-12 16:11:56 INFO  Reading: 22 - Tommy
2017-08-12 16:11:56 INFO  Reading: 22 - Selle
2017-08-12 16:11:56 INFO  Reading: 22 - Archie
2017-08-12 16:11:56 INFO  Reading: 22 - Mitchel
2017-08-12 16:11:56 INFO  Reading: 22 - Dexter
2017-08-12 16:11:56 INFO  Reading: 22 - Marius
2017-08-12 16:11:56 INFO  Reading: 22 - Sigfried
2017-08-12 16:11:56 INFO  Reading: 22 - Bess
2017-08-12 16:11:56 INFO  Reading: 22 - Chase
2017-08-12 16:11:56 INFO  Reading: 22 - Anatola
2017-08-12 16:11:56 INFO  Reading: 22 - Hetty
2017-08-12 16:11:56 INFO  Reading: 22 - Darby
2017-08-12 16:11:56 INFO  Reading: 22 - Quincy
2017-08-12 16:11:56 INFO  Reading: 22 - Tobye
2017-08-12 16:11:56 INFO  Reading: 22 - Sterling
2017-08-12 16:11:56 INFO  Reading: 22 - Ignazio
2017-08-12 16:11:56 INFO  Reading: 22 - Erica
2017-08-12 16:11:56 INFO  Reading: 22 - Roxi
2017-08-12 16:11:56 INFO  Reading: 22 - Millisent
2017-08-12 16:11:56 INFO  Reading: 22 - Sisile
2017-08-12 16:11:56 INFO  Reading: 22 - Cloris
2017-08-12 16:11:56 INFO  Reading: 22 - Caspar
2017-08-12 16:11:56 INFO  Reading: 22 - Carey
2017-08-12 16:11:56 INFO  Reading: 22 - Northrop
2017-08-12 16:11:56 INFO  Reading: 22 - Nancee
2017-08-12 16:11:56 INFO  Reading: 22 - Shelley
2017-08-12 16:11:56 INFO  Reading: 22 - Willey
2017-08-12 16:11:56 INFO  Reading: 22 - Marnie
2017-08-12 16:11:56 INFO  Reading: 22 - Julian
2017-08-12 16:11:56 INFO  Reading: 22 - Beatrice
2017-08-12 16:11:56 INFO  Reading: 22 - Kalle
2017-08-12 16:11:56 INFO  Reading: 22 - Barret
2017-08-12 16:11:56 INFO  Reading: 22 - Michele
2017-08-12 16:11:56 INFO  Reading: 22 - Renata
2017-08-12 16:11:56 INFO  Reading: 22 - Deny
2017-08-12 16:11:56 INFO  Reading: 22 - Kati
2017-08-12 16:11:56 INFO  Reading: 22 - Kameko
2017-08-12 16:11:56 INFO  Reading: 22 - Torry
2017-08-12 16:11:56 INFO  Reading: 22 - Shirley
2017-08-12 16:11:56 INFO  Reading: 22 - Gordie
2017-08-12 16:11:56 INFO  Reading: 22 - Benson
2017-08-12 16:11:56 INFO  Reading: 22 - Pen
2017-08-12 16:11:56 INFO  Reading: 22 - Ashly
2017-08-12 16:11:56 INFO  Reading: 22 - Kellby
2017-08-12 16:11:56 INFO  Reading: 22 - Brandyn
2017-08-12 16:11:56 INFO  Reading: 22 - Ardisj
2017-08-12 16:11:56 INFO  Reading: 22 - Derril
2017-08-12 16:11:56 INFO  Reading: 22 - Shirlene
2017-08-12 16:11:56 INFO  Reading: 22 - Sigismund
2017-08-12 16:11:56 INFO  Reading: 22 - Geoffrey
2017-08-12 16:11:56 INFO  Reading: 22 - Mahmoud
2017-08-12 16:11:56 INFO  Reading: 22 - Udale
2017-08-12 16:11:56 INFO  Reading: 22 - Berkeley
2017-08-12 16:11:56 INFO  Reading: 22 - Bryn
2017-08-12 16:11:56 INFO  Reading: 22 - Evania
2017-08-12 16:11:56 INFO  Reading: 22 - Casi
2017-08-12 16:11:56 INFO  Reading: 22 - Brendon
2017-08-12 16:11:56 INFO  Reading: 22 - Montgomery
2017-08-12 16:11:56 INFO  Reading: 22 - Marguerite
2017-08-12 16:11:56 INFO  Reading: 22 - Inigo
2017-08-12 16:11:56 INFO  Reading: 22 - Sheila-kathryn
2017-08-12 16:11:56 INFO  Reading: 22 - Dianne
2017-08-12 16:11:56 INFO  Reading: 22 - Remington
2017-08-12 16:11:56 INFO  Reading: 22 - Dukey
2017-08-12 16:11:56 INFO  Reading: 22 - Hussein
2017-08-12 16:11:56 INFO  Reading: 22 - Griffy
2017-08-12 16:11:56 INFO  Reading: 22 - Francine
2017-08-12 16:11:56 INFO  Reading: 22 - Leah
2017-08-12 16:11:56 INFO  Reading: 22 - Willi
2017-08-12 16:11:56 INFO  Reading: 22 - Marten
2017-08-12 16:11:56 INFO  Reading: 22 - Devy
2017-08-12 16:11:56 INFO  Reading: 22 - Sindee
2017-08-12 16:11:56 INFO  Reading: 22 - Andrea
2017-08-12 16:11:56 INFO  Reading: 22 - Trudey
2017-08-12 16:11:56 INFO  Reading: 22 - Alaster
2017-08-12 16:11:56 INFO  Reading: 22 - Lucie
2017-08-12 16:11:56 INFO  Reading: 22 - Mirabel
2017-08-12 16:11:56 INFO  Reading: 22 - Andee
2017-08-12 16:11:56 INFO  Reading: 22 - Orelle
2017-08-12 16:11:56 INFO  Reading: 22 - Wilbert
2017-08-12 16:11:56 INFO  Reading: 22 - Orran
2017-08-12 16:11:56 INFO  Reading: 22 - Terrel
2017-08-12 16:11:56 INFO  Reading: 22 - Tommi
2017-08-12 16:11:56 INFO  Reading: 22 - Rouvin
2017-08-12 16:11:56 INFO  Reading: 22 - Hew
2017-08-12 16:11:56 INFO  Reading: 22 - Orville
2017-08-12 16:11:56 INFO  Reading: 22 - Caron
2017-08-12 16:11:56 INFO  Reading: 22 - Ellsworth
2017-08-12 16:11:56 INFO  Reading: 22 - Raynell
2017-08-12 16:11:56 INFO  Reading: 22 - Izaak
2017-08-12 16:11:56 INFO  Reading: 22 - Gnni
2017-08-12 16:11:56 INFO  Reading: 22 - Kendricks
2017-08-12 16:11:56 INFO  Reading: 22 - Rebekah
2017-08-12 16:11:56 INFO  Reading: 22 - Gustaf
2017-08-12 16:11:56 INFO  Reading: 22 - Elisa
2017-08-12 16:11:56 INFO  Reading: 22 - Aaren
2017-08-12 16:11:56 INFO  Reading: 22 - Nataline
2017-08-12 16:11:56 INFO  Reading: 22 - Antonetta
2017-08-12 16:11:56 INFO  Reading: 22 - Eli
2017-08-12 16:11:56 INFO  Reading: 22 - Karlik
2017-08-12 16:11:56 INFO  Reading: 22 - Tynan
2017-08-12 16:11:56 INFO  Reading: 22 - Hedda
2017-08-12 16:11:56 INFO  Reading: 22 - Pyotr
2017-08-12 16:11:56 INFO  Reading: 22 - Otto
2017-08-12 16:11:56 INFO  Reading: 22 - Borden
2017-08-12 16:11:56 INFO  Reading: 22 - Inger
2017-08-12 16:11:56 INFO  Reading: 22 - Maximilianus
2017-08-12 16:11:56 INFO  Reading: 22 - Kylen
2017-08-12 16:11:56 INFO  Reading: 22 - Christophe
2017-08-12 16:11:56 INFO  Reading: 22 - Eachelle
2017-08-12 16:11:56 INFO  Reading: 22 - Genevra
2017-08-12 16:11:56 INFO  Reading: 22 - Kerianne
2017-08-12 16:11:56 INFO  Reading: 22 - Greta
2017-08-12 16:11:56 INFO  Reading: 22 - Agnella
2017-08-12 16:11:56 INFO  Reading: 22 - Hadley
2017-08-12 16:11:56 INFO  Reading: 22 - Roxanne
2017-08-12 16:11:56 INFO  Reading: 22 - Tessa
2017-08-12 16:11:56 INFO  Reading: 22 - Angie
2017-08-12 16:11:56 INFO  Reading: 22 - Jo-anne
2017-08-12 16:11:56 INFO  Reading: 22 - Candra
2017-08-12 16:11:56 INFO  Reading: 22 - Harvey
2017-08-12 16:11:56 INFO  Reading: 22 - Mable
2017-08-12 16:11:56 INFO  Reading: 22 - Chadwick
2017-08-12 16:11:56 INFO  Reading: 22 - Arnuad
2017-08-12 16:11:56 INFO  Reading: 22 - Scott
2017-08-12 16:11:56 INFO  Reading: 22 - Mychal
2017-08-12 16:11:56 INFO  Reading: 22 - Zea
2017-08-12 16:11:56 INFO  Reading: 22 - Bonnibelle
2017-08-12 16:11:56 INFO  Reading: 22 - Meris
2017-08-12 16:11:56 INFO  Reading: 22 - Angelica
2017-08-12 16:11:56 INFO  Reading: 22 - Carmine
2017-08-12 16:11:56 INFO  Reading: 22 - Winfred
2017-08-12 16:11:56 INFO  Reading: 22 - Shae
2017-08-12 16:11:56 INFO  Reading: 22 - Tommy
2017-08-12 16:11:56 INFO  Reading: 22 - Galen
2017-08-12 16:11:56 INFO  Reading: 22 - Kaleb
2017-08-12 16:11:56 INFO  Reading: 22 - Gordon
2017-08-12 16:11:56 INFO  Reading: 22 - John
2017-08-12 16:11:56 INFO  Reading: 22 - Rock
2017-08-12 16:11:56 INFO  Reading: 22 - Theodore
2017-08-12 16:11:56 INFO  Reading: 22 - Keely
2017-08-12 16:11:56 INFO  Reading: 22 - Emera
2017-08-12 16:11:56 INFO  Reading: 22 - Carmencita
2017-08-12 16:11:56 INFO  Reading: 22 - Jayson
2017-08-12 16:11:56 INFO  Reading: 22 - Imogene
2017-08-12 16:11:56 INFO  Reading: 22 - Dori
2017-08-12 16:11:56 INFO  Reading: 22 - Spencer
2017-08-12 16:11:56 INFO  Reading: 22 - Claresta
2017-08-12 16:11:56 INFO  Reading: 22 - Jody
2017-08-12 16:11:56 INFO  Reading: 22 - Madelene
2017-08-12 16:11:56 INFO  Reading: 22 - Hashim
2017-08-12 16:11:56 INFO  Reading: 22 - Raleigh
2017-08-12 16:11:56 INFO  Reading: 22 - Morgen
2017-08-12 16:11:56 INFO  Reading: 22 - Rozella
2017-08-12 16:11:56 INFO  Reading: 22 - Benedicto
2017-08-12 16:11:56 INFO  Reading: 22 - Guthrie
2017-08-12 16:11:56 INFO  Reading: 22 - Cornall
2017-08-12 16:11:56 INFO  Reading: 22 - Kerwin
2017-08-12 16:11:56 INFO  Reading: 22 - Jenn
2017-08-12 16:11:56 INFO  Reading: 22 - Udale
2017-08-12 16:11:56 INFO  Reading: 22 - Noel
2017-08-12 16:11:56 INFO  Reading: 22 - Reginauld
2017-08-12 16:11:56 INFO  Reading: 22 - Chuck
2017-08-12 16:11:56 INFO  Reading: 22 - Odell
2017-08-12 16:11:56 INFO  Reading: 22 - Patin
2017-08-12 16:11:56 INFO  Reading: 22 - Karel
2017-08-12 16:11:56 INFO  Reading: 22 - Bowie
2017-08-12 16:11:56 INFO  Reading: 22 - Gustav
2017-08-12 16:11:56 INFO  Reading: 22 - Devlin
2017-08-12 16:11:56 INFO  Reading: 22 - Tess
2017-08-12 16:11:56 INFO  Reading: 22 - Gustie
2017-08-12 16:11:56 INFO  Reading: 22 - Nicolais
2017-08-12 16:11:56 INFO  Reading: 22 - Alena
2017-08-12 16:11:56 INFO  Reading: 22 - Daria
2017-08-12 16:11:56 INFO  Reading: 22 - Marcile
2017-08-12 16:11:56 INFO  Reading: 22 - Benyamin
2017-08-12 16:11:56 INFO  Reading: 22 - Janene
2017-08-12 16:11:56 INFO  Reading: 22 - Callean
2017-08-12 16:11:56 INFO  Reading: 22 - Casar
2017-08-12 16:11:56 INFO  Reading: 22 - Jaynell
2017-08-12 16:11:56 INFO  Reading: 22 - Rani
2017-08-12 16:11:56 INFO  Reading: 22 - Arabele
2017-08-12 16:11:56 INFO  Reading: 22 - Bailey
2017-08-12 16:11:56 INFO  Reading: 22 - Clarita
2017-08-12 16:11:56 INFO  Reading: 22 - Armand
2017-08-12 16:11:56 INFO  Reading: 22 - Roderich
2017-08-12 16:11:56 INFO  Reading: 22 - Ernie
2017-08-12 16:11:56 INFO  Reading: 22 - Constantia
2017-08-12 16:11:56 INFO  Reading: 22 - Philis
2017-08-12 16:11:56 INFO  Reading: 22 - Ignatius
2017-08-12 16:11:56 INFO  Reading: 22 - Tull
2017-08-12 16:11:56 INFO  Reading: 22 - Lindsay
2017-08-12 16:11:56 INFO  Reading: 22 - Evelina
2017-08-12 16:11:56 INFO  Reading: 22 - Mata
2017-08-12 16:11:56 INFO  Reading: 22 - Abagail
2017-08-12 16:11:56 INFO  Reading: 22 - Seth
2017-08-12 16:11:56 INFO  Reading: 22 - Con
2017-08-12 16:11:56 INFO  Reading: 22 - Margery
2017-08-12 16:11:56 INFO  Reading: 22 - Whitney
2017-08-12 16:11:56 INFO  Reading: 22 - Brinna
2017-08-12 16:11:56 INFO  Reading: 22 - Mercie
2017-08-12 16:11:56 INFO  Reading: 22 - Anabelle
2017-08-12 16:11:56 INFO  Reading: 22 - Geno
2017-08-12 16:11:56 INFO  Reading: 22 - Merrel
2017-08-12 16:11:56 INFO  Reading: 22 - Maynord
2017-08-12 16:11:56 INFO  Reading: 22 - Midge
2017-08-12 16:11:56 INFO  Reading: 22 - Ardys
2017-08-12 16:11:56 INFO  Reading: 22 - Adella
2017-08-12 16:11:56 INFO  Reading: 22 - Louisette
2017-08-12 16:11:56 INFO  Reading: 22 - Lyndell
2017-08-12 16:11:56 INFO  Reading: 22 - Kariotta
2017-08-12 16:11:56 INFO  Reading: 22 - Alix
2017-08-12 16:11:56 INFO  Reading: 22 - Reeva
2017-08-12 16:11:56 INFO  Reading: 22 - Charity
2017-08-12 16:11:56 INFO  Reading: 22 - Quintina
2017-08-12 16:11:56 INFO  Reading: 22 - Berkley
2017-08-12 16:11:56 INFO  Reading: 22 - Davina
2017-08-12 16:11:56 INFO  Reading: 22 - Milty
2017-08-12 16:11:56 INFO  Reading: 22 - Milzie
2017-08-12 16:11:56 INFO  Reading: 22 - Cornie
2017-08-12 16:11:56 INFO  Reading: 22 - Thaxter
2017-08-12 16:11:56 INFO  Reading: 22 - Myrvyn
2017-08-12 16:11:56 INFO  Reading: 22 - Josias
2017-08-12 16:11:56 INFO  Reading: 22 - Malanie
2017-08-12 16:11:56 INFO  Reading: 22 - George
2017-08-12 16:11:56 INFO  Reading: 22 - Mildrid
2017-08-12 16:11:56 INFO  Reading: 22 - Willette
2017-08-12 16:11:56 INFO  Reading: 22 - Rina
2017-08-12 16:11:56 INFO  Reading: 22 - Vickie
2017-08-12 16:11:56 INFO  Reading: 22 - Rozamond
2017-08-12 16:11:56 INFO  Reading: 22 - Guthry
2017-08-12 16:11:56 INFO  Reading: 22 - Cortie
2017-08-12 16:11:56 INFO  Reading: 22 - Loria
2017-08-12 16:11:56 INFO  Reading: 22 - Locke
2017-08-12 16:11:56 INFO  Reading: 22 - Raynell
2017-08-12 16:11:56 INFO  Reading: 22 - Dorelle
2017-08-12 16:11:56 INFO  Reading: 22 - Salomone
2017-08-12 16:11:56 INFO  Reading: 22 - Mildrid
2017-08-12 16:11:56 INFO  Reading: 22 - Yorke
2017-08-12 16:11:56 INFO  Reading: 22 - Aigneis
2017-08-12 16:11:56 INFO  Reading: 22 - Phil
2017-08-12 16:11:56 INFO  Reading: 22 - Roscoe
2017-08-12 16:11:56 INFO  Reading: 22 - Bryna
2017-08-12 16:11:56 INFO  Reading: 22 - Sherm
2017-08-12 16:11:56 INFO  Reading: 22 - Westley
2017-08-12 16:11:56 INFO  Reading: 22 - Mel
2017-08-12 16:11:56 INFO  Reading: 22 - Zechariah
2017-08-12 16:11:56 INFO  Reading: 22 - Lari
2017-08-12 16:11:56 INFO  Reading: 22 - Dalt
2017-08-12 16:11:56 INFO  Reading: 22 - Willyt
2017-08-12 16:11:56 INFO  Reading: 22 - Merwin
2017-08-12 16:11:56 INFO  Reading: 22 - Nathalie
2017-08-12 16:11:56 INFO  Reading: 22 - Caddric
2017-08-12 16:11:56 INFO  Reading: 22 - Abner
2017-08-12 16:11:56 INFO  Reading: 22 - Sarine
2017-08-12 16:11:56 INFO  Reading: 22 - Giuseppe
2017-08-12 16:11:56 INFO  Reading: 22 - Clovis
2017-08-12 16:11:56 INFO  Reading: 22 - Tobit
2017-08-12 16:11:56 INFO  Reading: 22 - Rocky
2017-08-12 16:11:56 INFO  Reading: 22 - Elana
2017-08-12 16:11:56 INFO  Reading: 22 - Thea
2017-08-12 16:11:56 INFO  Reading: 22 - Karney
2017-08-12 16:11:56 INFO  Reading: 22 - Bryn
2017-08-12 16:11:56 INFO  Reading: 22 - Claiborne
2017-08-12 16:11:56 INFO  Reading: 22 - Osmond
2017-08-12 16:11:56 INFO  Reading: 22 - Dud
2017-08-12 16:11:56 INFO  Reading: 22 - Stanley
2017-08-12 16:11:56 INFO  Reading: 22 - Lindie
2017-08-12 16:11:56 INFO  Reading: 22 - Stoddard
2017-08-12 16:11:56 INFO  Reading: 22 - Kinna
2017-08-12 16:11:56 INFO  Reading: 22 - Marten
2017-08-12 16:11:56 INFO  Reading: 22 - Jannel
2017-08-12 16:11:56 INFO  Reading: 22 - Elka
2017-08-12 16:11:56 INFO  Reading: 22 - Kelvin
2017-08-12 16:11:56 INFO  Reading: 22 - Andrea
2017-08-12 16:11:56 INFO  Reading: 22 - Burke
2017-08-12 16:11:56 INFO  Reading: 22 - Weidar
2017-08-12 16:11:56 INFO  Reading: 22 - Mohandas
2017-08-12 16:11:56 INFO  Reading: 22 - Imogene
2017-08-12 16:11:56 INFO  Reading: 22 - Pearl
2017-08-12 16:11:56 INFO  Reading: 22 - Chad
2017-08-12 16:11:56 INFO  Reading: 22 - Dora
2017-08-12 16:11:56 INFO  Reading: 22 - Lilla
2017-08-12 16:11:56 INFO  Reading: 22 - Rickey
2017-08-12 16:11:56 INFO  Reading: 22 - Mariele
2017-08-12 16:11:56 INFO  Reading: 22 - Wilhelm
2017-08-12 16:11:56 INFO  Reading: 22 - Ardra
2017-08-12 16:11:56 INFO  Reading: 22 - Lexy
2017-08-12 16:11:56 INFO  Reading: 22 - Ardys
2017-08-12 16:11:56 INFO  Reading: 22 - Kilian
2017-08-12 16:11:56 INFO  Reading: 22 - Hazel
2017-08-12 16:11:56 INFO  Reading: 22 - Lindon
2017-08-12 16:11:56 INFO  Reading: 22 - Morly
2017-08-12 16:11:56 INFO  Reading: 22 - Bianka
2017-08-12 16:11:56 INFO  Reading: 22 - Omero
2017-08-12 16:11:56 INFO  Reading: 22 - Xymenes
2017-08-12 16:11:56 INFO  Reading: 22 - Willi
2017-08-12 16:11:56 INFO  Reading: 22 - Uriah
2017-08-12 16:11:56 INFO  Reading: 22 - Ichabod
2017-08-12 16:11:56 INFO  Reading: 22 - Hakim
2017-08-12 16:11:56 INFO  Reading: 22 - Ysabel
2017-08-12 16:11:56 INFO  Reading: 22 - Marla
2017-08-12 16:11:56 INFO  Reading: 22 - Michail
2017-08-12 16:11:56 INFO  Reading: 22 - Lynde
2017-08-12 16:11:56 INFO  Reading: 22 - Jarib
2017-08-12 16:11:56 INFO  Reading: 22 - Galvan
2017-08-12 16:11:56 INFO  Reading: 22 - Kissee
2017-08-12 16:11:56 INFO  Reading: 22 - Wakefield
2017-08-12 16:11:56 INFO  Reading: 22 - Heidie
2017-08-12 16:11:56 INFO  Reading: 22 - Louisette
2017-08-12 16:11:56 INFO  Reading: 22 - Abra
2017-08-12 16:11:56 INFO  Reading: 22 - Matelda
2017-08-12 16:11:56 INFO  Reading: 22 - Jemie
2017-08-12 16:11:56 INFO  Reading: 22 - Keene
2017-08-12 16:11:56 INFO  Reading: 22 - Sigismondo
2017-08-12 16:11:56 INFO  Reading: 22 - Kellie
2017-08-12 16:11:56 INFO  Reading: 22 - Lynn
2017-08-12 16:11:56 INFO  Reading: 22 - Wadsworth
2017-08-12 16:11:56 INFO  Reading: 22 - Nariko
2017-08-12 16:11:56 INFO  Reading: 22 - Ezmeralda
2017-08-12 16:11:56 INFO  Reading: 22 - Dianemarie
2017-08-12 16:11:56 INFO  Reading: 22 - Gavrielle
2017-08-12 16:11:56 INFO  Reading: 22 - Ilaire
2017-08-12 16:11:56 INFO  Reading: 22 - Norman
2017-08-12 16:11:56 INFO  Reading: 22 - Dominica
2017-08-12 16:11:56 INFO  Reading: 22 - Anatollo
2017-08-12 16:11:56 INFO  Reading: 22 - Karlyn
2017-08-12 16:11:56 INFO  Reading: 22 - Ian
2017-08-12 16:11:56 INFO  Reading: 22 - Angie
2017-08-12 16:11:56 INFO  Reading: 22 - Robbi
2017-08-12 16:11:56 INFO  Reading: 22 - Loni
2017-08-12 16:11:56 INFO  Reading: 22 - Sumner
2017-08-12 16:11:56 INFO  Reading: 22 - Darwin
2017-08-12 16:11:56 INFO  Reading: 22 - Rickey
2017-08-12 16:11:56 INFO  Reading: 22 - Corella
2017-08-12 16:11:56 INFO  Reading: 22 - Jessamine
2017-08-12 16:11:56 INFO  Reading: 22 - Brande
2017-08-12 16:11:56 INFO  Reading: 22 - Kippar
2017-08-12 16:11:56 INFO  Reading: 22 - Ethyl
2017-08-12 16:11:56 INFO  Reading: 22 - Bradney
2017-08-12 16:11:56 INFO  Reading: 22 - Rocky
2017-08-12 16:11:56 INFO  Reading: 22 - Marsha
2017-08-12 16:11:56 INFO  Reading: 22 - Sabina
2017-08-12 16:11:56 INFO  Reading: 22 - Faun
2017-08-12 16:11:56 INFO  Reading: 22 - Bartholomew
2017-08-12 16:11:56 INFO  Reading: 22 - Hannah
2017-08-12 16:11:56 INFO  Reading: 22 - Reed
2017-08-12 16:11:56 INFO  Reading: 22 - Licha
2017-08-12 16:11:56 INFO  Reading: 22 - Sergent
2017-08-12 16:11:56 INFO  Reading: 22 - Wilhelmina
2017-08-12 16:11:56 INFO  Reading: 22 - Sonny
2017-08-12 16:11:56 INFO  Reading: 22 - Gina
2017-08-12 16:11:56 INFO  Reading: 22 - Salem
2017-08-12 16:11:56 INFO  Reading: 22 - Orlando
2017-08-12 16:11:56 INFO  Reading: 22 - Broddy
2017-08-12 16:11:56 INFO  Reading: 22 - Teddie
2017-08-12 16:11:56 INFO  Reading: 22 - Malissia
2017-08-12 16:11:56 INFO  Reading: 22 - Ediva
2017-08-12 16:11:56 INFO  Reading: 22 - Muriel
2017-08-12 16:11:56 INFO  Reading: 22 - Dionisio
2017-08-12 16:11:56 INFO  Reading: 22 - Karie
2017-08-12 16:11:56 INFO  Reading: 22 - Cathyleen
2017-08-12 16:11:56 INFO  Reading: 22 - Maridel
2017-08-12 16:11:56 INFO  Reading: 22 - Lurette
2017-08-12 16:11:56 INFO  Reading: 22 - Walther
2017-08-12 16:11:56 INFO  Reading: 22 - Philippine
2017-08-12 16:11:56 INFO  Reading: 22 - Jacquelyn
2017-08-12 16:11:56 INFO  Reading: 22 - Rodolphe
2017-08-12 16:11:56 INFO  Reading: 22 - Clair
2017-08-12 16:11:56 INFO  Reading: 22 - Tamar
2017-08-12 16:11:56 INFO  Reading: 22 - Derrek
2017-08-12 16:11:56 INFO  Reading: 22 - Rea
2017-08-12 16:11:56 INFO  Reading: 22 - Ermin
2017-08-12 16:11:56 INFO  Reading: 22 - Salomon
2017-08-12 16:11:56 INFO  Reading: 22 - Denni
2017-08-12 16:11:56 INFO  Reading: 22 - Sholom
2017-08-12 16:11:56 INFO  Reading: 22 - Wes
2017-08-12 16:11:56 INFO  Reading: 22 - Stephine
2017-08-12 16:11:56 INFO  Reading: 22 - Marv
2017-08-12 16:11:56 INFO  Reading: 22 - Ernaline
2017-08-12 16:11:56 INFO  Reading: 22 - Deeyn
2017-08-12 16:11:56 INFO  Reading: 22 - Orelee
2017-08-12 16:11:56 INFO  Reading: 22 - Wrennie
2017-08-12 16:11:56 INFO  Reading: 22 - Ramsay
2017-08-12 16:11:56 INFO  Reading: 22 - Madella
2017-08-12 16:11:56 INFO  Reading: 22 - Jacky
2017-08-12 16:11:56 INFO  Reading: 22 - Weston
2017-08-12 16:11:56 INFO  Reading: 22 - Rurik
2017-08-12 16:11:56 INFO  Reading: 22 - Marylee
2017-08-12 16:11:56 INFO  Reading: 22 - Meade
2017-08-12 16:11:56 INFO  Reading: 22 - Stevena
2017-08-12 16:11:56 INFO  Reading: 22 - Brunhilda
2017-08-12 16:11:56 INFO  Reading: 22 - Vivianna
2017-08-12 16:11:56 INFO  Reading: 22 - Pietrek
2017-08-12 16:11:56 INFO  Reading: 22 - Jephthah
2017-08-12 16:11:56 INFO  Reading: 22 - Knox
2017-08-12 16:11:56 INFO  Reading: 22 - Yolane
2017-08-12 16:11:56 INFO  Reading: 22 - Bianca
2017-08-12 16:11:56 INFO  Reading: 22 - Ole
2017-08-12 16:11:56 INFO  Reading: 22 - Korey
2017-08-12 16:11:56 INFO  Reading: 22 - Pepe
2017-08-12 16:11:56 INFO  Reading: 22 - Eamon
2017-08-12 16:11:56 INFO  Reading: 22 - Monti
2017-08-12 16:11:56 INFO  Reading: 22 - Blinny
2017-08-12 16:11:56 INFO  Reading: 22 - Katey
2017-08-12 16:11:56 INFO  Reading: 22 - Quincy
2017-08-12 16:11:56 INFO  Reading: 22 - Stormy
2017-08-12 16:11:56 INFO  Reading: 22 - Cody
2017-08-12 16:11:56 INFO  Reading: 22 - Pooh
2017-08-12 16:11:56 INFO  Reading: 22 - Lucho
2017-08-12 16:11:56 INFO  Reading: 22 - Tiff
2017-08-12 16:11:56 INFO  Reading: 22 - Codee
2017-08-12 16:11:56 INFO  Reading: 22 - Nichole
2017-08-12 16:11:56 INFO  Reading: 22 - Noellyn
2017-08-12 16:11:56 INFO  Reading: 22 - Kev
2017-08-12 16:11:56 INFO  Reading: 22 - Raynard
2017-08-12 16:11:56 INFO  Reading: 22 - Inna
2017-08-12 16:11:56 INFO  Reading: 22 - Oralle
2017-08-12 16:11:56 INFO  Reading: 22 - Charlton
2017-08-12 16:11:56 INFO  Reading: 22 - Mycah
2017-08-12 16:11:56 INFO  Reading: 22 - Morena
2017-08-12 16:11:56 INFO  Reading: 22 - Carry
2017-08-12 16:11:56 INFO  Reading: 22 - Herby
2017-08-12 16:11:56 INFO  Reading: 22 - Vern
2017-08-12 16:11:56 INFO  Reading: 22 - Leah
2017-08-12 16:11:56 INFO  Reading: 22 - Wiley
2017-08-12 16:11:56 INFO  Reading: 22 - Moselle
2017-08-12 16:11:56 INFO  Reading: 22 - Loralyn
2017-08-12 16:11:56 INFO  Reading: 22 - Leann
2017-08-12 16:11:56 INFO  Reading: 22 - Florida
2017-08-12 16:11:56 INFO  Reading: 22 - Dalt
2017-08-12 16:11:56 INFO  Reading: 22 - Rena
2017-08-12 16:11:56 INFO  Reading: 22 - Joli
2017-08-12 16:11:56 INFO  Reading: 22 - Noelle
2017-08-12 16:11:56 INFO  Reading: 22 - Ondrea
2017-08-12 16:11:56 INFO  Reading: 22 - Grayce
2017-08-12 16:11:56 INFO  Reading: 22 - Alanna
2017-08-12 16:11:56 INFO  Reading: 22 - Rolland
2017-08-12 16:11:56 INFO  Reading: 22 - Terrill
2017-08-12 16:11:56 INFO  Reading: 22 - Rasia
2017-08-12 16:11:56 INFO  Reading: 22 - Melessa
2017-08-12 16:11:56 INFO  Reading: 22 - Batholomew
2017-08-12 16:11:56 INFO  Reading: 22 - Garnet
2017-08-12 16:11:56 INFO  Reading: 22 - Sidoney
2017-08-12 16:11:56 INFO  Reading: 22 - Barnabas
2017-08-12 16:11:56 INFO  Reading: 22 - Trish
2017-08-12 16:11:56 INFO  Reading: 22 - Zared
2017-08-12 16:11:56 INFO  Reading: 22 - Elvira
2017-08-12 16:11:56 INFO  Reading: 22 - Jordon
2017-08-12 16:11:56 INFO  Reading: 22 - Gerladina
2017-08-12 16:11:56 INFO  Reading: 22 - Allsun
2017-08-12 16:11:56 INFO  Reading: 22 - Jennilee
2017-08-12 16:11:56 INFO  Reading: 22 - Jon
2017-08-12 16:11:56 INFO  Reading: 22 - Stefanie
2017-08-12 16:11:56 INFO  Reading: 22 - Arabele
2017-08-12 16:11:56 INFO  Reading: 22 - Dacey
2017-08-12 16:11:56 INFO  Reading: 22 - Maribeth
2017-08-12 16:11:56 INFO  Reading: 22 - Max
2017-08-12 16:11:56 INFO  Reading: 22 - Marcia
2017-08-12 16:11:56 INFO  Reading: 22 - Andrus
2017-08-12 16:11:56 INFO  Reading: 22 - Greg
2017-08-12 16:11:56 INFO  Reading: 22 - Debby
2017-08-12 16:11:56 INFO  Reading: 22 - Janine
2017-08-12 16:11:56 INFO  Reading: 22 - Barn
2017-08-12 16:11:56 INFO  Reading: 22 - Garnette
2017-08-12 16:11:56 INFO  Reading: 22 - Candice
2017-08-12 16:11:56 INFO  Reading: 22 - Claiborn
2017-08-12 16:11:56 INFO  Reading: 22 - Carmencita
2017-08-12 16:11:56 INFO  Reading: 22 - Alf
2017-08-12 16:11:56 INFO  Reading: 22 - Cristie
2017-08-12 16:11:56 INFO  Reading: 22 - Faulkner
2017-08-12 16:11:56 INFO  Reading: 22 - Cirilo
2017-08-12 16:11:56 INFO  Reading: 22 - Klarika
2017-08-12 16:11:56 INFO  Reading: 22 - Humphrey
2017-08-12 16:11:56 INFO  Reading: 22 - Charmion
2017-08-12 16:11:56 INFO  Reading: 22 - Lilly
2017-08-12 16:11:56 INFO  Reading: 22 - Clarabelle
2017-08-12 16:11:56 INFO  Reading: 22 - Jillayne
2017-08-12 16:11:56 INFO  Reading: 22 - Chaddie
2017-08-12 16:11:56 INFO  Reading: 22 - Nicholas
2017-08-12 16:11:56 INFO  Reading: 22 - Ardene
2017-08-12 16:11:56 INFO  Reading: 22 - Vivianne
2017-08-12 16:11:56 INFO  Reading: 22 - Lindsey
2017-08-12 16:11:56 INFO  Reading: 22 - Ottilie
2017-08-12 16:11:56 INFO  Reading: 22 - Valida
2017-08-12 16:11:56 INFO  Reading: 22 - Harriette
2017-08-12 16:11:56 INFO  Reading: 22 - Dalila
2017-08-12 16:11:56 INFO  Reading: 22 - Clevey
2017-08-12 16:11:56 INFO  Reading: 22 - Durant
2017-08-12 16:11:56 INFO  Reading: 22 - Ernest
2017-08-12 16:11:56 INFO  Reading: 22 - Boniface
2017-08-12 16:11:56 INFO  Reading: 22 - Roanne
2017-08-12 16:11:56 INFO  Reading: 22 - Lana
2017-08-12 16:11:56 INFO  Reading: 22 - Cara
2017-08-12 16:11:56 INFO  Reading: 22 - Forrest
2017-08-12 16:11:56 INFO  Reading: 22 - Kiel
2017-08-12 16:11:56 INFO  Reading: 22 - Lurleen
2017-08-12 16:11:56 INFO  Reading: 22 - Teresa
2017-08-12 16:11:56 INFO  Reading: 22 - Edouard
2017-08-12 16:11:56 INFO  Reading: 22 - Carmella
2017-08-12 16:11:56 INFO  Reading: 22 - Susan
2017-08-12 16:11:56 INFO  Reading: 22 - Kit
2017-08-12 16:11:56 INFO  Reading: 22 - Domini
2017-08-12 16:11:56 INFO  Reading: 22 - Upton
2017-08-12 16:11:56 INFO  Reading: 22 - Sean
2017-08-12 16:11:56 INFO  Reading: 22 - Marney
2017-08-12 16:11:56 INFO  Reading: 22 - Ailsun
2017-08-12 16:11:56 INFO  Reading: 22 - Larina
2017-08-12 16:11:56 INFO  Reading: 22 - Lyndel
2017-08-12 16:11:56 INFO  Reading: 22 - Pinchas
2017-08-12 16:11:56 INFO  Reading: 22 - Stavro
2017-08-12 16:11:56 INFO  Reading: 22 - Ferguson
2017-08-12 16:11:56 INFO  Reading: 22 - Kelbee
2017-08-12 16:11:56 INFO  Reading: 22 - Meara
2017-08-12 16:11:56 INFO  Reading: 22 - Tamera
2017-08-12 16:11:56 INFO  Reading: 22 - Colver
2017-08-12 16:11:56 INFO  Reading: 22 - Michail
2017-08-12 16:11:56 INFO  Reading: 22 - Ophelia
2017-08-12 16:11:56 INFO  Reading: 22 - Louie
2017-08-12 16:11:56 INFO  Reading: 22 - Gerty
2017-08-12 16:11:56 INFO  Reading: 22 - Bathsheba
2017-08-12 16:11:56 INFO  Reading: 22 - Buckie
2017-08-12 16:11:56 INFO  Reading: 22 - Archy
2017-08-12 16:11:56 INFO  Reading: 22 - Lenna
2017-08-12 16:11:56 INFO  Reading: 22 - Lila
2017-08-12 16:11:56 INFO  Reading: 22 - Cesare
2017-08-12 16:11:56 INFO  Reading: 22 - Cully
2017-08-12 16:11:56 INFO  Reading: 22 - Odessa
2017-08-12 16:11:56 INFO  Reading: 22 - Bron
2017-08-12 16:11:56 INFO  Reading: 22 - Ashia
2017-08-12 16:11:56 INFO  Reading: 22 - Salmon
2017-08-12 16:11:56 INFO  Reading: 22 - Elinore
2017-08-12 16:11:56 INFO  Reading: 22 - Kaylyn
2017-08-12 16:11:56 INFO  Reading: 22 - Davey
2017-08-12 16:11:56 INFO  Reading: 22 - Amery
2017-08-12 16:11:56 INFO  Reading: 22 - Madelle
2017-08-12 16:11:56 INFO  Reading: 22 - Cecilio
2017-08-12 16:11:56 INFO  Reading: 22 - Eugene
2017-08-12 16:11:56 INFO  Reading: 22 - Malva
2017-08-12 16:11:56 INFO  Reading: 22 - Brockie
2017-08-12 16:11:56 INFO  Reading: 22 - Jolyn
2017-08-12 16:11:56 INFO  Reading: 22 - Gilles
2017-08-12 16:11:56 INFO  Reading: 22 - Birgitta
2017-08-12 16:11:56 INFO  Reading: 22 - Sauveur
2017-08-12 16:11:56 INFO  Reading: 22 - Nerita
2017-08-12 16:11:56 INFO  Reading: 22 - Jaquelyn
2017-08-12 16:11:56 INFO  Reading: 22 - Darrick
2017-08-12 16:11:56 INFO  Reading: 22 - Carly
2017-08-12 16:11:56 INFO  Reading: 22 - Ross
2017-08-12 16:11:56 INFO  Reading: 22 - Gray
2017-08-12 16:11:56 INFO  Reading: 22 - Ottilie
2017-08-12 16:11:56 INFO  Reading: 22 - Esther
2017-08-12 16:11:56 INFO  Reading: 22 - Gordy
2017-08-12 16:11:56 INFO  Reading: 22 - Kane
2017-08-12 16:11:56 INFO  Reading: 22 - Christoforo
2017-08-12 16:11:56 INFO  Reading: 22 - Rosy
2017-08-12 16:11:56 INFO  Reading: 22 - Obie
2017-08-12 16:11:56 INFO  Reading: 22 - Feodora
2017-08-12 16:11:56 INFO  Reading: 22 - Charla
2017-08-12 16:11:56 INFO  Reading: 22 - Ahmad
2017-08-12 16:11:56 INFO  Reading: 22 - Hubert
2017-08-12 16:11:56 INFO  Reading: 22 - Silas
2017-08-12 16:11:56 INFO  Reading: 22 - Karlan
2017-08-12 16:11:56 INFO  Reading: 22 - Steffi
2017-08-12 16:11:56 INFO  Reading: 22 - Haze
2017-08-12 16:11:56 INFO  Reading: 22 - Gillie
2017-08-12 16:11:56 INFO  Reading: 22 - Giselbert
2017-08-12 16:11:56 INFO  Reading: 22 - Gareth
2017-08-12 16:11:56 INFO  Reading: 22 - Jasen
2017-08-12 16:11:56 INFO  Reading: 22 - Tate
2017-08-12 16:11:56 INFO  Reading: 22 - Aluin
2017-08-12 16:11:56 INFO  Reading: 22 - Alexandre
2017-08-12 16:11:56 INFO  Reading: 22 - Albie
2017-08-12 16:11:56 INFO  Reading: 22 - Cass
2017-08-12 16:11:56 INFO  Reading: 22 - Ruthe
2017-08-12 16:11:56 INFO  Reading: 22 - Raynell
2017-08-12 16:11:56 INFO  Reading: 22 - Gaspard
2017-08-12 16:11:56 INFO  Reading: 22 - Doralyn
2017-08-12 16:11:56 INFO  Reading: 22 - Swen
2017-08-12 16:11:56 INFO  Reading: 22 - Leupold
2017-08-12 16:11:56 INFO  Reading: 22 - Cheryl
2017-08-12 16:11:56 INFO  Reading: 22 - Delilah
2017-08-12 16:11:56 INFO  Reading: 22 - Mora
2017-08-12 16:11:56 INFO  Reading: 22 - Waiter
2017-08-12 16:11:56 INFO  Reading: 22 - Suzanna
2017-08-12 16:11:56 INFO  Reading: 22 - Caspar
2017-08-12 16:11:56 INFO  Reading: 22 - Rochette
2017-08-12 16:11:56 INFO  Reading: 22 - Maury
2017-08-12 16:11:56 INFO  Reading: 22 - Iorgo
2017-08-12 16:11:56 INFO  Reading: 22 - Chane
2017-08-12 16:11:56 INFO  Reading: 22 - Read
2017-08-12 16:11:56 INFO  Reading: 22 - Paulo
2017-08-12 16:11:56 INFO  Reading: 22 - Eunice
2017-08-12 16:11:56 INFO  Reading: 22 - Adeline
2017-08-12 16:11:56 INFO  Reading: 22 - Hilarius
2017-08-12 16:11:56 INFO  Reading: 22 - Minor
2017-08-12 16:11:56 INFO  Reading: 22 - Del
2017-08-12 16:11:56 INFO  Reading: 22 - Mordecai
2017-08-12 16:11:56 INFO  Reading: 22 - Mable
2017-08-12 16:11:56 INFO  Reading: 22 - Cordie
2017-08-12 16:11:56 INFO  Reading: 22 - Carleton
2017-08-12 16:11:56 INFO  Reading: 22 - Clair
2017-08-12 16:11:56 INFO  Reading: 22 - Brannon
2017-08-12 16:11:56 INFO  Reading: 22 - Claiborne
2017-08-12 16:11:56 INFO  Reading: 22 - Giacobo
2017-08-12 16:11:56 INFO  Reading: 22 - Hazel
2017-08-12 16:11:56 INFO  Reading: 22 - Tiff
2017-08-12 16:11:56 INFO  Reading: 22 - Alysa
2017-08-12 16:11:56 INFO  Reading: 22 - Alayne
2017-08-12 16:11:56 INFO  Reading: 22 - Ulla
2017-08-12 16:11:56 INFO  Reading: 22 - Flynn
2017-08-12 16:11:56 INFO  Reading: 22 - Babbie
2017-08-12 16:11:56 INFO  Reading: 22 - Tabor
2017-08-12 16:11:56 INFO  Reading: 22 - Gibby
2017-08-12 16:11:56 INFO  Reading: 22 - Tilda
2017-08-12 16:11:56 INFO  Reading: 22 - Andrej
2017-08-12 16:11:56 INFO  Reading: 22 - Akim
2017-08-12 16:11:56 INFO  Reading: 22 - Pat
2017-08-12 16:11:56 INFO  Reading: 22 - Lion
2017-08-12 16:11:56 INFO  Reading: 22 - Korie
2017-08-12 16:11:56 INFO  Reading: 22 - Chiquia
2017-08-12 16:11:56 INFO  Reading: 22 - Henka
2017-08-12 16:11:56 INFO  Reading: 22 - Nikolas
2017-08-12 16:11:56 INFO  Reading: 22 - Haze
2017-08-12 16:11:56 INFO  Reading: 22 - Rodrigo
2017-08-12 16:11:56 INFO  Reading: 22 - Hort
2017-08-12 16:11:56 INFO  Reading: 22 - Avigdor
2017-08-12 16:11:56 INFO  Reading: 22 - Marcille
2017-08-12 16:11:56 INFO  Reading: 22 - Gerardo
2017-08-12 16:11:56 INFO  Reading: 22 - Diarmid
2017-08-12 16:11:56 INFO  Reading: 22 - Casey
2017-08-12 16:11:56 INFO  Reading: 22 - Rena
2017-08-12 16:11:56 INFO  Reading: 22 - Babbie
2017-08-12 16:11:56 INFO  Reading: 22 - Mal
2017-08-12 16:11:56 INFO  Reading: 22 - Lefty
2017-08-12 16:11:56 INFO  Reading: 22 - Alyson
2017-08-12 16:11:56 INFO  Reading: 22 - Eleanora
2017-08-12 16:11:56 INFO  Reading: 22 - Binny
2017-08-12 16:11:56 INFO  Reading: 22 - Sonni
2017-08-12 16:11:56 INFO  Reading: 22 - Brooks
2017-08-12 16:11:56 INFO  Reading: 22 - Darell
2017-08-12 16:11:56 INFO  Reading: 22 - Arnie
2017-08-12 16:11:56 INFO  Reading: 22 - Ralina
2017-08-12 16:11:56 INFO  Reading: 22 - Chantalle
2017-08-12 16:11:56 INFO  Reading: 22 - Karly
2017-08-12 16:11:56 INFO  Reading: 22 - Allissa
2017-08-12 16:11:56 INFO  Reading: 22 - Farlee
2017-08-12 16:11:56 INFO  Reading: 22 - Claudina
2017-08-12 16:11:56 INFO  Reading: 22 - Veronica
2017-08-12 16:11:56 INFO  Reading: 22 - Augusto
2017-08-12 16:11:56 INFO  Reading: 22 - Ruy
2017-08-12 16:11:56 INFO  Reading: 22 - Kenny
2017-08-12 16:11:56 INFO  Reading: 22 - Tomaso
2017-08-12 16:11:56 INFO  Reading: 22 - Tiffanie
2017-08-12 16:11:56 INFO  Reading: 22 - Jobi
2017-08-12 16:11:56 INFO  Reading: 22 - Kim
2017-08-12 16:11:56 INFO  Reading: 22 - Abbie
2017-08-12 16:11:56 INFO  Reading: 22 - Esdras
2017-08-12 16:11:56 INFO  Reading: 22 - Silvie
2017-08-12 16:11:56 INFO  Reading: 22 - Tonie
2017-08-12 16:11:56 INFO  Reading: 22 - Lawton
2017-08-12 16:11:56 INFO  Reading: 22 - Amalita
2017-08-12 16:11:56 INFO  Reading: 22 - Bert
2017-08-12 16:11:56 INFO  Reading: 22 - Cherrita
2017-08-12 16:11:56 INFO  Reading: 22 - Louisette
2017-08-12 16:11:56 INFO  Reading: 22 - Adina
2017-08-12 16:11:56 INFO  Reading: 22 - Nessy
2017-08-12 16:11:56 INFO  Reading: 22 - Vernor
2017-08-12 16:11:56 INFO  Reading: 22 - Brandise
2017-08-12 16:11:56 INFO  Reading: 22 - Sawyere
2017-08-12 16:11:56 INFO  Reading: 22 - Maximilien
2017-08-12 16:11:56 INFO  Reading: 22 - Annabela
2017-08-12 16:11:56 INFO  Reading: 22 - Silvio
2017-08-12 16:11:56 INFO  Reading: 22 - Chaunce
2017-08-12 16:11:56 INFO  Reading: 22 - Alyss
2017-08-12 16:11:56 INFO  Reading: 22 - Elie
2017-08-12 16:11:56 INFO  Reading: 22 - Corenda
2017-08-12 16:11:56 INFO  Reading: 22 - Base
2017-08-12 16:11:56 INFO  Reading: 22 - Farah
2017-08-12 16:11:56 INFO  Reading: 22 - Judd
2017-08-12 16:11:56 INFO  Reading: 22 - Luther
2017-08-12 16:11:56 INFO  Reading: 22 - Killian
2017-08-12 16:11:56 INFO  Reading: 22 - Onofredo
2017-08-12 16:11:56 INFO  Reading: 22 - Isacco
2017-08-12 16:11:56 INFO  Reading: 22 - Bree
2017-08-12 16:11:56 INFO  Reading: 22 - Lorrie
2017-08-12 16:11:56 INFO  Reading: 22 - Bailie
2017-08-12 16:11:56 INFO  Reading: 22 - Dolph
2017-08-12 16:11:56 INFO  Reading: 22 - Ahmed
2017-08-12 16:11:56 INFO  Reading: 22 - Purcell
2017-08-12 16:11:56 INFO  Reading: 22 - Elie
2017-08-12 16:11:56 INFO  Reading: 22 - Liane
2017-08-12 16:11:56 INFO  Reading: 22 - Cly
2017-08-12 16:11:56 INFO  Reading: 22 - Myrle
2017-08-12 16:11:56 INFO  Reading: 22 - Lethia
2017-08-12 16:11:56 INFO  Reading: 22 - Horatius
2017-08-12 16:11:56 INFO  Reading: 22 - Angy
2017-08-12 16:11:56 INFO  Reading: 22 - Jeremy
2017-08-12 16:11:56 INFO  Reading: 22 - Early
2017-08-12 16:11:56 INFO  Reading: 22 - Isa
2017-08-12 16:11:56 INFO  Reading: 22 - Ricky
2017-08-12 16:11:56 INFO  Reading: 22 - Ardelis
2017-08-12 16:11:56 INFO  Reading: 22 - Raddy
2017-08-12 16:11:56 INFO  Reading: 22 - Eden
2017-08-12 16:11:56 INFO  Reading: 22 - Iver
2017-08-12 16:11:56 INFO  Reading: 22 - Cairistiona
2017-08-12 16:11:56 INFO  Reading: 22 - Persis
2017-08-12 16:11:56 INFO  Reading: 22 - Correy
2017-08-12 16:11:56 INFO  Reading: 22 - Margaretta
2017-08-12 16:11:56 INFO  Reading: 22 - Rudd
2017-08-12 16:11:56 INFO  Reading: 22 - Winifield
2017-08-12 16:11:56 INFO  Reading: 22 - Noam
2017-08-12 16:11:56 INFO  Reading: 22 - Evonne
2017-08-12 16:11:56 INFO  Reading: 22 - Claudette
2017-08-12 16:11:56 INFO  Reading: 22 - Eduard
2017-08-12 16:11:56 INFO  Reading: 22 - Charis
2017-08-12 16:11:56 INFO  Reading: 22 - Pavla
2017-08-12 16:11:56 INFO  Reading: 22 - Ranee
2017-08-12 16:11:56 INFO  Reading: 22 - Elva
2017-08-12 16:11:56 INFO  Reading: 22 - Kendre
2017-08-12 16:11:56 INFO  Reading: 22 - Shayna
2017-08-12 16:11:56 INFO  Reading: 22 - Stephan
2017-08-12 16:11:56 INFO  Reading: 22 - Maurizia
2017-08-12 16:11:56 INFO  Reading: 22 - Lind
2017-08-12 16:11:56 INFO  Reading: 22 - Inger
2017-08-12 16:11:56 INFO  Reading: 22 - Leonhard
2017-08-12 16:11:56 INFO  Reading: 22 - Maisie
2017-08-12 16:11:56 INFO  Reading: 22 - Rasla
2017-08-12 16:11:56 INFO  Reading: 22 - Brandon
2017-08-12 16:11:56 INFO  Reading: 22 - Andreana
2017-08-12 16:11:56 INFO  Reading: 22 - Anson
2017-08-12 16:11:56 INFO  Reading: 22 - Bridie
2017-08-12 16:11:56 INFO  Reading: 22 - Kaleena
2017-08-12 16:11:56 INFO  Reading: 22 - Maximo
2017-08-12 16:11:56 INFO  Reading: 22 - Linn
2017-08-12 16:11:56 INFO  Reading: 22 - Klarika
2017-08-12 16:11:56 INFO  Reading: 22 - Lindy
2017-08-12 16:11:56 INFO  Reading: 22 - Alden
2017-08-12 16:11:56 INFO  Reading: 22 - Leslie
2017-08-12 16:11:56 INFO  Reading: 22 - Tiffanie
2017-08-12 16:11:56 INFO  Reading: 22 - Thorsten
2017-08-12 16:11:56 INFO  Reading: 22 - Austine
2017-08-12 16:11:56 INFO  Reading: 22 - Jenn
2017-08-12 16:11:56 INFO  Reading: 22 - Mario
2017-08-12 16:11:56 INFO  Reading: 22 - Sapphire
2017-08-12 16:11:56 INFO  Reading: 22 - Rayshell
2017-08-12 16:11:56 INFO  Reading: 22 - Gaspard
2017-08-12 16:11:56 INFO  Reading: 22 - Mord
2017-08-12 16:11:56 INFO  Reading: 22 - Philip
2017-08-12 16:11:56 INFO  Reading: 22 - Anatola
2017-08-12 16:11:56 INFO  Reading: 22 - Carolee
2017-08-12 16:11:56 INFO  Reading: 22 - Washington
2017-08-12 16:11:56 INFO  Reading: 22 - Justinn
2017-08-12 16:11:56 INFO  Reading: 22 - Tessa
2017-08-12 16:11:56 INFO  Reading: 22 - Rory
2017-08-12 16:11:56 INFO  Reading: 22 - Beauregard
2017-08-12 16:11:56 INFO  Reading: 22 - Alisander
2017-08-12 16:11:56 INFO  Reading: 22 - Fidelia
2017-08-12 16:11:56 INFO  Reading: 22 - Hamid
2017-08-12 16:11:56 INFO  Reading: 22 - Sasha
2017-08-12 16:11:56 INFO  Reading: 22 - Benoit
2017-08-12 16:11:56 INFO  Reading: 22 - Tabbie
2017-08-12 16:11:56 INFO  Reading: 22 - Northrop
2017-08-12 16:11:56 INFO  Reading: 22 - Teena
2017-08-12 16:11:56 INFO  Reading: 22 - Mort
2017-08-12 16:11:56 INFO  Reading: 22 - Wittie
2017-08-12 16:11:56 INFO  Reading: 22 - Kippar
2017-08-12 16:11:56 INFO  Reading: 22 - Shir
2017-08-12 16:11:56 INFO  Reading: 22 - Lezlie
2017-08-12 16:11:56 INFO  Reading: 22 - Jessika
2017-08-12 16:11:56 INFO  Reading: 22 - Malvin
2017-08-12 16:11:56 INFO  Reading: 22 - Roslyn
2017-08-12 16:11:56 INFO  Reading: 22 - Ashly
2017-08-12 16:11:56 INFO  Reading: 22 - Osbourn
2017-08-12 16:11:56 INFO  Reading: 22 - Cortie
2017-08-12 16:11:56 INFO  Reading: 22 - Ross
2017-08-12 16:11:56 INFO  Reading: 22 - Sandro
2017-08-12 16:11:56 INFO  Reading: 22 - Ralf
2017-08-12 16:11:56 INFO  Reading: 22 - Vassily
2017-08-12 16:11:56 INFO  Reading: 22 - Derek
2017-08-12 16:11:56 INFO  Reading: 22 - Dix
2017-08-12 16:11:56 INFO  Reading: 22 - Sandor
2017-08-12 16:11:56 INFO  Reading: 22 - Danella
2017-08-12 16:11:56 INFO  Reading: 22 - Meade
2017-08-12 16:11:56 INFO  Reading: 22 - Niels
2017-08-12 16:11:56 INFO  Reading: 22 - Kaila
2017-08-12 16:11:56 INFO  Reading: 22 - Luca
2017-08-12 16:11:56 INFO  Reading: 22 - Flory
2017-08-12 16:11:56 INFO  Reading: 22 - Charis
2017-08-12 16:11:56 INFO  Reading: 22 - Neill
2017-08-12 16:11:56 INFO  Reading: 22 - Karlik
2017-08-12 16:11:56 INFO  Reading: 22 - Emile
2017-08-12 16:11:56 INFO  Reading: 22 - Brett
2017-08-12 16:11:56 INFO  Reading: 22 - Hillel
2017-08-12 16:11:56 INFO  Reading: 22 - Kienan
2017-08-12 16:11:56 INFO  Reading: 22 - Cherry
2017-08-12 16:11:56 INFO  Reading: 22 - Halley
2017-08-12 16:11:56 INFO  Reading: 22 - Elston
2017-08-12 16:11:56 INFO  Reading: 22 - Debora
2017-08-12 16:11:56 INFO  Reading: 22 - Livia
2017-08-12 16:11:56 INFO  Reading: 22 - Russ
2017-08-12 16:11:56 INFO  Reading: 22 - Rici
2017-08-12 16:11:56 INFO  Reading: 22 - Kennie
2017-08-12 16:11:56 INFO  Reading: 22 - Margaux
2017-08-12 16:11:56 INFO  Reading: 22 - Harrie
2017-08-12 16:11:56 INFO  Reading: 22 - Linnie
2017-08-12 16:11:56 INFO  Reading: 22 - Wendi
2017-08-12 16:11:56 INFO  Reading: 22 - Hervey
2017-08-12 16:11:56 INFO  Reading: 22 - Roldan
2017-08-12 16:11:56 INFO  Reading: 22 - Debera
2017-08-12 16:11:56 INFO  Reading: 22 - Agnella
2017-08-12 16:11:56 INFO  Reading: 22 - Dallis
2017-08-12 16:11:56 INFO  Reading: 22 - Marsiella
2017-08-12 16:11:56 INFO  Reading: 22 - Ruthy
2017-08-12 16:11:56 INFO  Reading: 22 - Willis
2017-08-12 16:11:56 INFO  Reading: 22 - Morrie
2017-08-12 16:11:56 INFO  Reading: 22 - Ase
2017-08-12 16:11:56 INFO  Reading: 22 - Leona
2017-08-12 16:11:56 INFO  Reading: 22 - Noble
2017-08-12 16:11:56 INFO  Reading: 22 - Petunia
2017-08-12 16:11:56 INFO  Reading: 22 - Zebedee
2017-08-12 16:11:56 INFO  Reading: 22 - Travis
2017-08-12 16:11:56 INFO  Reading: 22 - Dominik
2017-08-12 16:11:56 INFO  Reading: 22 - Jehu
2017-08-12 16:11:56 INFO  Reading: 22 - Bel
2017-08-12 16:11:56 INFO  Reading: 22 - Clemente
2017-08-12 16:11:56 INFO  Reading: 22 - Lia
2017-08-12 16:11:56 INFO  Reading: 22 - Coretta
2017-08-12 16:11:56 INFO  Reading: 22 - Melinde
2017-08-12 16:11:56 INFO  Reading: 22 - Borden
2017-08-12 16:11:56 INFO  Reading: 22 - Zonda
2017-08-12 16:11:56 INFO  Reading: 22 - Herminia
2017-08-12 16:11:56 INFO  Reading: 22 - Con
2017-08-12 16:11:56 INFO  Reading: 22 - Mohandas
2017-08-12 16:11:56 INFO  Reading: 22 - Gabbie
2017-08-12 16:11:56 INFO  Reading: 22 - Vonnie
2017-08-12 16:11:56 INFO  Reading: 22 - Sayres
2017-08-12 16:11:56 INFO  Reading: 22 - Camala
2017-08-12 16:11:56 INFO  Reading: 22 - Rosalinde
2017-08-12 16:11:56 INFO  Reading: 22 - Arthur
2017-08-12 16:11:56 INFO  Reading: 22 - Kendall
2017-08-12 16:11:56 INFO  Reading: 22 - Valeda
2017-08-12 16:11:56 INFO  Reading: 22 - Raul
2017-08-12 16:11:56 INFO  Reading: 22 - Bernardine
2017-08-12 16:11:56 INFO  Reading: 22 - Ula
2017-08-12 16:11:56 INFO  Reading: 22 - Haskel
2017-08-12 16:11:56 INFO  Reading: 22 - Budd
2017-08-12 16:11:56 INFO  Reading: 22 - Anna-diana
2017-08-12 16:11:56 INFO  Reading: 22 - Stacia
2017-08-12 16:11:56 INFO  Reading: 22 - Sylvan
2017-08-12 16:11:56 INFO  Reading: 22 - Bellina
2017-08-12 16:11:56 INFO  Reading: 22 - Artemus
2017-08-12 16:11:56 INFO  Reading: 22 - Evan
2017-08-12 16:11:56 INFO  Reading: 22 - Joey
2017-08-12 16:11:56 INFO  Reading: 22 - Natty
2017-08-12 16:11:56 INFO  Reading: 22 - Sheeree
2017-08-12 16:11:56 INFO  Reading: 22 - Virgie
2017-08-12 16:11:56 INFO  Reading: 22 - Tilly
2017-08-12 16:11:56 INFO  Reading: 22 - Eunice
2017-08-12 16:11:56 INFO  Reading: 22 - Adeline
2017-08-12 16:11:56 INFO  Reading: 22 - Sibelle
2017-08-12 16:11:56 INFO  Reading: 22 - Hewitt
2017-08-12 16:11:56 INFO  Reading: 22 - Cameron
2017-08-12 16:30:42 INFO  Connection: 14 - Connected!
2017-08-12 16:30:42 INFO  Reading: 19 - Leitura do arquivo iniciada...
2017-08-12 16:30:42 INFO  Reading: 23 - Leitura concluída em 0 segundos.
2017-08-12 16:31:34 INFO  Connection: 14 - Connected!
2017-08-12 16:31:34 INFO  Reading: 19 - Leitura do arquivo iniciada...
2017-08-12 16:31:34 INFO  Reading: 23 - Leitura concluída em 51 milisegundos.
2017-08-12 17:57:13 INFO  JsonReader: 19 - Leitura do arquivo iniciada...
2017-08-12 17:57:13 INFO  JsonReader: 23 - Leitura concluída em 48 milisegundos.
2017-08-12 17:57:13 INFO  Connection: 14 - Connected!
2017-08-12 17:57:13 INFO  MongoInsert: 21 - Inserção iniciada...
2017-08-12 18:16:22 INFO  JsonReader: 23 - Leitura do arquivo iniciada...
2017-08-12 18:25:27 INFO  JsonReader: 18 - Leitura do arquivo iniciada...
2017-08-12 18:25:27 INFO  JsonReader: 22 - Leitura concluída em 38 milisegundos.
2017-08-12 18:25:27 INFO  Connection: 14 - Connected!
2017-08-12 18:25:27 INFO  MongoInsert: 22 - Inserção iniciada...
2017-08-12 18:25:28 INFO  MongoInsert: 31 - Inserção concluída em 625 milisegundos.
2017-08-12 18:36:10 INFO  JsonReader: 18 - Leitura do arquivo iniciada...
2017-08-12 18:36:10 INFO  JsonReader: 22 - Leitura concluída em 45 milisegundos.
2017-08-12 18:36:10 INFO  Connection: 14 - Connected!
2017-08-12 18:36:10 INFO  MongoInsert: 25 - Inserção iniciada...
2017-08-12 18:36:10 INFO  MongoInsert: 33 - Inserção concluída em 203 milisegundos.
2017-08-12 18:37:54 INFO  JsonReader: 18 - Leitura do arquivo iniciada...
2017-08-12 18:37:54 INFO  JsonReader: 22 - Leitura concluída em 54 milisegundos.
2017-08-12 18:37:54 INFO  Connection: 14 - Connected!
2017-08-12 18:37:55 INFO  MongoInsert: 25 - Inserção iniciada...
2017-08-12 18:37:55 INFO  MongoInsert: 33 - Inserção concluída em 266 milisegundos.
2017-08-12 18:42:00 INFO  JsonReader: 18 - Leitura do arquivo iniciada...
2017-08-12 18:42:00 INFO  JsonReader: 22 - Leitura concluída em 45 milisegundos.
2017-08-12 18:42:10 INFO  Connection: 14 - Connected!
2017-08-12 18:42:43 INFO  MongoInsert: 25 - Inserção iniciada...
2017-08-12 18:44:12 INFO  MongoInsert: 33 - Inserção concluída em 88649 milisegundos.
2017-08-12 18:45:25 INFO  JsonReader: 18 - Leitura do arquivo iniciada...
2017-08-12 18:45:26 INFO  JsonReader: 22 - Leitura concluída em 42 milisegundos.
2017-08-12 18:45:26 INFO  Connection: 14 - Connected!
2017-08-12 18:45:26 INFO  MongoInsert: 25 - Inserção iniciada...
2017-08-12 18:45:26 INFO  MongoInsert: 35 - Inserção concluída em 219 milisegundos.
2017-08-12 18:46:38 INFO  JsonReader: 18 - Leitura do arquivo iniciada...
2017-08-12 18:46:38 INFO  JsonReader: 22 - Leitura concluída em 43 milisegundos.
2017-08-12 18:46:39 INFO  Connection: 14 - Connected!
2017-08-12 18:46:39 INFO  MongoInsert: 26 - Inserção iniciada...
2017-08-12 18:46:41 INFO  MongoInsert: 40 - Inserção concluída em 208 milisegundos.
2017-08-12 18:47:59 INFO  JsonReader: 18 - Leitura do arquivo iniciada...
2017-08-12 18:47:59 INFO  JsonReader: 22 - Leitura concluída em 43 milisegundos.
2017-08-12 18:47:59 INFO  Connection: 14 - Connected!
2017-08-12 18:47:59 INFO  MongoInsert: 26 - Inserção iniciada...
2017-08-12 18:48:02 INFO  MongoInsert: 41 - Inserção concluída em 0 milisegundos.
2017-08-12 18:53:10 INFO  JsonReader: 18 - Leitura do arquivo iniciada...
2017-08-12 18:53:10 INFO  JsonReader: 22 - Leitura concluída em 41 milisegundos.
2017-08-12 18:53:11 INFO  Connection: 14 - Connectado!
2017-08-12 18:53:11 INFO  MongoInsert: 25 - Inserção iniciada...
2017-08-12 19:00:47 INFO  JsonReader: 18 - Leitura do arquivo iniciada...
2017-08-12 19:00:47 INFO  JsonReader: 22 - Leitura concluída em 42 milisegundos.
2017-08-12 19:00:47 INFO  Connection: 14 - Connectado!
2017-08-12 19:00:47 INFO  MongoInsert: 25 - Inserção iniciada...
2017-08-12 19:00:47 INFO  MongoInsert: 35 - Inserção concluída em 0 milisegundos.
2017-08-12 20:24:20 INFO  Connection: 14 - Connectado!
2017-08-12 20:24:20 INFO  App: 20 - Inserção iniciada...
2017-08-12 20:24:20 INFO  App: 29 - Inserção concluída em 74 milisegundos.
2017-08-12 21:02:43 INFO  Connection: 14 - Connectado!
2017-08-12 21:02:43 INFO  App: 26 - Inserção iniciada...
2017-08-12 21:02:43 INFO  App: 35 - Inserção concluída em 311 milisegundos.
2017-08-12 21:06:45 INFO  Connection: 14 - Connectado!
2017-08-12 21:06:45 INFO  App: 27 - Inserção iniciada...
2017-08-12 21:06:45 INFO  App: 36 - Inserção concluída em 231 milisegundos.
2017-08-12 21:07:48 INFO  Connection: 14 - Connectado!
2017-08-12 21:07:48 INFO  App: 27 - Inserção iniciada...
2017-08-12 21:07:49 INFO  App: 39 - Inserção concluída em 260 milisegundos.
2017-08-12 21:09:16 INFO  Connection: 14 - Connectado!
2017-08-12 21:09:16 INFO  App: 27 - Inserção iniciada...
2017-08-12 21:09:16 INFO  App: 20 - Inserção iniciada...
2017-08-12 21:09:16 INFO  App: 27 - Inserção concluída em 107 milisegundos.
2017-08-12 21:09:16 INFO  App: 36 - Inserção concluída em 257 milisegundos.
2017-08-12 21:19:08 INFO  Connection: 14 - Connectado!
2017-08-12 21:19:08 INFO  App: 27 - Inserção iniciada...
2017-08-12 21:19:08 INFO  App: 20 - Inserção iniciada...
2017-08-12 21:19:08 INFO  App: 27 - Inserção concluída em 99 milisegundos.
2017-08-12 21:19:08 INFO  App: 36 - Inserção concluída em 219 milisegundos.
2017-08-12 21:21:15 INFO  Connection: 14 - Connectado!
2017-08-12 21:21:15 INFO  App: 28 - Inserção iniciada...
2017-08-12 21:21:15 INFO  App: 20 - Inserção iniciada...
2017-08-12 21:21:15 INFO  App: 27 - Inserção concluída em 110 milisegundos.
2017-08-12 21:21:15 INFO  App: 39 - Inserção concluída em 244 milisegundos.
2017-08-12 21:22:24 INFO  Connection: 14 - Connectado!
2017-08-12 21:22:24 INFO  App: 28 - Inserção iniciada...
2017-08-12 21:22:24 INFO  App: 20 - Inserção iniciada...
2017-08-12 21:22:24 INFO  App: 29 - Inserção concluída em 266 milisegundos.
2017-08-12 21:22:24 INFO  App: 39 - Inserção concluída em 268 milisegundos.
2017-08-12 21:29:46 INFO  Connection: 14 - Connectado!
2017-08-12 21:29:47 INFO  App: 26 - Inserção iniciada...
2017-08-12 21:29:47 INFO  App: 20 - Inserção iniciada...
2017-08-12 21:29:47 INFO  App: 29 - Inserção concluída em 261 milisegundos.
2017-08-12 21:29:47 INFO  App: 37 - Inserção concluída em 263 milisegundos.
2017-08-12 21:30:58 INFO  Connection: 14 - Connectado!
2017-08-12 21:30:58 INFO  App: 26 - Inserção iniciada...
2017-08-12 21:30:58 INFO  App: 20 - Inserção iniciada...
2017-08-12 21:30:58 INFO  App: 29 - Inserção concluída em 270 milisegundos.
2017-08-12 21:30:58 INFO  App: 37 - Inserção concluída em 273 milisegundos.
2017-08-12 21:31:09 INFO  Connection: 14 - Connectado!
2017-08-12 21:31:09 INFO  App: 26 - Inserção iniciada...
2017-08-12 21:31:09 INFO  App: 20 - Inserção iniciada...
2017-08-12 21:31:10 INFO  App: 29 - Inserção concluída em 253 milisegundos.
2017-08-12 21:31:10 INFO  App: 37 - Inserção concluída em 255 milisegundos.
2017-08-12 21:31:20 INFO  Connection: 14 - Connectado!
2017-08-12 21:31:20 INFO  App: 26 - Inserção iniciada...
2017-08-12 21:31:20 INFO  App: 20 - Inserção iniciada...
2017-08-12 21:31:20 INFO  App: 29 - Inserção concluída em 238 milisegundos.
2017-08-12 21:31:20 INFO  App: 37 - Inserção concluída em 241 milisegundos.
2017-08-12 21:33:15 INFO  Connection: 14 - Connectado!
2017-08-12 21:33:15 INFO  App: 26 - Inserção iniciada...
2017-08-12 21:33:15 INFO  App: 20 - Inserção iniciada...
2017-08-12 21:33:15 INFO  App: 29 - Inserção concluída em 231 milisegundos.
2017-08-12 21:33:15 INFO  App: 37 - Inserção concluída em 232 milisegundos.
2017-08-12 21:33:22 INFO  Connection: 14 - Connectado!
2017-08-12 21:33:22 INFO  App: 26 - Inserção iniciada...
2017-08-12 21:33:22 INFO  App: 20 - Inserção iniciada...
2017-08-12 21:33:23 INFO  App: 29 - Inserção concluída em 221 milisegundos.
2017-08-12 21:33:23 INFO  App: 37 - Inserção concluída em 222 milisegundos.
2017-08-12 21:34:29 INFO  Connection: 14 - Connectado!
2017-08-12 21:34:29 INFO  App: 26 - Inserção iniciada...
2017-08-12 21:34:29 INFO  App: 20 - Inserção iniciada...
2017-08-12 21:34:29 INFO  App: 30 - Inserção concluída em 42 milisegundos.
2017-08-12 21:34:29 INFO  App: 35 - Inserção concluída em 43 milisegundos.
2017-08-12 21:37:42 INFO  Connection: 14 - Connectado!
2017-08-12 21:37:42 INFO  Reader: 36 - Erro ao tentar converter o arquivo!
2017-08-12 21:37:43 INFO  App: 26 - Inserção iniciada...
2017-08-12 21:37:43 INFO  App: 20 - Inserção iniciada...
2017-08-12 21:39:08 INFO  Connection: 14 - Connectado!
2017-08-12 21:39:08 INFO  Reader: 36 - Erro ao tentar converter o arquivo!
2017-08-12 21:39:08 INFO  App: 26 - Inserção iniciada...
2017-08-12 21:39:08 INFO  App: 20 - Inserção iniciada...
2017-08-12 21:41:37 INFO  Connection: 14 - Connectado!
2017-08-12 21:41:38 INFO  Reader: 36 - Erro ao tentar converter o arquivo!
2017-08-12 21:41:38 INFO  App: 26 - Inserção iniciada...
2017-08-12 21:41:38 INFO  App: 20 - Inserção iniciada...
2017-08-12 21:44:02 INFO  Connection: 14 - Connectado!
2017-08-12 21:44:02 INFO  Reader: 36 - Erro ao tentar converter o arquivo!
2017-08-12 21:44:02 INFO  App: 26 - Inserção iniciada...
2017-08-12 21:44:02 INFO  App: 20 - Inserção iniciada...
2017-08-12 21:44:46 INFO  Connection: 14 - Connectado!
2017-08-12 21:45:45 INFO  Reader: 36 - Erro ao tentar converter o arquivo!
2017-08-12 21:46:40 INFO  Connection: 14 - Connectado!
2017-08-12 21:47:57 INFO  Reader: 36 - Erro ao tentar converter o arquivo!
2017-08-12 21:48:26 INFO  Connection: 14 - Connectado!
2017-08-12 21:48:26 INFO  Reader: 36 - Erro ao tentar converter o arquivo!
2017-08-12 21:48:26 INFO  App: 26 - Inserção iniciada...
2017-08-12 21:48:26 INFO  App: 20 - Inserção iniciada...
2017-08-12 21:51:04 INFO  Connection: 14 - Connectado!
2017-08-12 21:51:04 INFO  Reader: 30 - Arquivo não encontrado!
2017-08-12 21:51:04 INFO  Reader: 30 - Arquivo não encontrado!
2017-08-12 21:51:04 INFO  App: 26 - Inserção iniciada...
2017-08-12 21:51:04 INFO  App: 20 - Inserção iniciada...
2017-08-12 21:56:10 INFO  Connection: 14 - Connectado!
2017-08-12 21:56:10 INFO  App: 26 - Inserção iniciada...
2017-08-12 21:56:10 INFO  App: 20 - Inserção iniciada...
2017-08-12 21:56:10 INFO  App: 30 - Inserção concluída em 309 milisegundos.
2017-08-12 21:56:10 INFO  App: 35 - Inserção concluída em 309 milisegundos.
2017-08-12 22:00:46 INFO  Connection: 14 - Connectado!
2017-08-12 22:00:46 INFO  App: 26 - Inserção iniciada...
2017-08-12 22:00:46 INFO  App: 20 - Inserção iniciada...
2017-08-12 22:00:47 INFO  App: 30 - Inserção concluída em 266 milisegundos.
2017-08-12 22:00:47 INFO  App: 20 - Inserção iniciada...
2017-08-12 22:00:47 INFO  App: 30 - Inserção concluída em 63 milisegundos.
2017-08-12 22:00:47 INFO  App: 35 - Inserção concluída em 335 milisegundos.
2017-08-12 22:01:11 INFO  Connection: 14 - Connectado!
2017-08-12 22:01:11 INFO  App: 26 - Inserção iniciada...
2017-08-12 22:01:12 INFO  App: 35 - Inserção concluída em 326 milisegundos.
2017-08-12 22:01:49 INFO  Connection: 14 - Connectado!
2017-08-12 22:01:50 INFO  App: 26 - Inserção iniciada...
2017-08-12 22:01:50 INFO  App: 35 - Inserção concluída em 164 milisegundos.
19-08-2017 22:17:47 INFO  Connection: 12 - Connectado!
19-08-2017 22:17:47 INFO  App: 33 - Inserção iniciada...
19-08-2017 22:25:59 INFO  Connection: 12 - Connectado!
19-08-2017 22:25:59 INFO  App: 33 - Inserção iniciada...
19-08-2017 22:25:59 INFO  App: 43 - Inserção concluída em 439 milisegundos.
19-08-2017 23:18:59 INFO  Connection: 12 - Connectado!
19-08-2017 23:18:59 INFO  App: 33 - Inserção iniciada...
19-08-2017 23:19:00 INFO  App: 43 - Inserção concluída em 385 milisegundos.
19-08-2017 23:33:52 INFO  Connection: 12 - Connectado!
19-08-2017 23:34:52 INFO  Connection: 12 - Connectado!
19-08-2017 23:36:37 INFO  Connection: 12 - Connectado!
19-08-2017 23:39:04 INFO  Connection: 12 - Connectado!
20-08-2017 00:09:23 INFO  Connection: 12 - Connectado!
20-08-2017 00:09:23 INFO  Executor: 28 - Erro ao ler o método requerido.
20-08-2017 00:09:57 INFO  Connection: 12 - Connectado!
20-08-2017 00:09:57 INFO  Executor: 28 - Erro ao ler o método requerido.
20-08-2017 00:19:03 INFO  Connection: 12 - Connectado!
20-08-2017 00:23:55 INFO  Connection: 12 - Connectado!
20-08-2017 00:23:55 INFO  Executor: 30 - Erro ao ler o método requerido.
20-08-2017 00:33:58 INFO  Connection: 12 - Connectado!
20-08-2017 00:36:15 INFO  Connection: 12 - Connectado!
20-08-2017 00:44:50 INFO  Connection: 14 - Connectado!
20-08-2017 00:53:26 INFO  Connection: 14 - Connectado!
20-08-2017 00:53:59 INFO  Connection: 14 - Connectado!
20-08-2017 00:54:46 INFO  Connection: 14 - Connectado!
20-08-2017 01:06:33 INFO  Connection: 14 - Connectado!
20-08-2017 01:07:29 INFO  Connection: 14 - Connectado!
20-08-2017 01:10:30 INFO  Connection: 14 - Connectado!
20-08-2017 01:12:45 INFO  Connection: 14 - Connectado!
20-08-2017 01:16:25 INFO  Connection: 14 - Connectado!
20-08-2017 01:18:13 INFO  Connection: 14 - Connectado!
20-08-2017 01:18:30 INFO  Connection: 14 - Connectado!
20-08-2017 01:31:36 INFO  Connection: 14 - Connectado!
16-09-2017 23:45:34 INFO  Connection: 14 - Connectado!
16-09-2017 23:55:52 INFO  Connection: 14 - Connectado!
16-09-2017 23:57:26 INFO  Connection: 14 - Connectado!
17-09-2017 00:11:14 INFO  Connection: 14 - Connectado!
17-09-2017 00:15:21 INFO  Connection: 14 - Connectado!
17-09-2017 00:25:15 INFO  Connection: 14 - Connectado!
17-09-2017 00:26:51 INFO  Connection: 14 - Connectado!
17-09-2017 00:29:32 INFO  Connection: 14 - Connectado!
17-09-2017 00:35:08 INFO  Connection: 14 - Connectado!
17-09-2017 00:46:47 INFO  Connection: 14 - Connectado!
17-09-2017 00:46:48 INFO  Executor: 28 - Classe: org.stBenchmark.stBen.crud.Insertmétodo executeCommand iniciado
17-09-2017 00:46:48 INFO  Executor: 37 - Execução finalizada. Tempo total: 592 ms
17-09-2017 00:49:20 INFO  Connection: 14 - Connectado!
17-09-2017 00:49:21 INFO  Executor: 28 - \nClasse: org.stBenchmark.stBen.crud.Insert iniciada\n
17-09-2017 00:49:21 INFO  Executor: 36 - \nExecução finalizada. Tempo total: 523 ms\n
17-09-2017 00:50:34 INFO  Connection: 14 - Connectado!
17-09-2017 00:50:34 INFO  Executor: 28 - Classe: org.stBenchmark.stBen.crud.Insert iniciada
17-09-2017 00:50:35 INFO  Executor: 36 - Execução finalizada. Tempo total: 645 ms
17-09-2017 01:00:11 INFO  Connection: 14 - Connectado!
17-09-2017 01:00:11 INFO  Executor: 48 - Classe: org.stBenchmark.stBen.crud.Insert iniciada
17-09-2017 01:00:11 INFO  Executor: 44 - Execução finalizada. Tempo total: 655 ms
17-09-2017 01:00:11 INFO  Executor: 48 - Classe: org.stBenchmark.stBen.crud.Select iniciada
17-09-2017 01:00:11 INFO  Executor: 44 - Execução finalizada. Tempo total: 38 ms
17-09-2017 13:42:02 INFO  Connection: 14 - Connectado!
17-09-2017 13:42:02 INFO  Connection: 14 - Connectado!
17-09-2017 13:42:02 INFO  Connection: 14 - Connectado!
17-09-2017 13:42:02 INFO  Executor: 49 - Classe: org.stBenchmark.stBen.crud.Insert iniciada
17-09-2017 13:42:02 INFO  Executor: 49 - Classe: org.stBenchmark.stBen.crud.Insert iniciada
17-09-2017 13:42:02 INFO  Executor: 49 - Classe: org.stBenchmark.stBen.crud.Insert iniciada
17-09-2017 13:42:03 INFO  Executor: 45 - Execução finalizada. Tempo total: 877 ms
17-09-2017 13:42:03 INFO  Executor: 45 - Execução finalizada. Tempo total: 879 ms
17-09-2017 13:42:03 INFO  Executor: 45 - Execução finalizada. Tempo total: 878 ms
17-09-2017 13:43:53 INFO  Connection: 14 - Connectado!
17-09-2017 13:43:53 INFO  Executor: 49 - Classe: org.stBenchmark.stBen.crud.Insert iniciada
17-09-2017 13:43:54 INFO  Executor: 45 - Execução finalizada. Tempo total: 558 ms
17-09-2017 13:49:56 INFO  Connection: 14 - Connectado!
17-09-2017 13:49:56 INFO  Connection: 14 - Connectado!
17-09-2017 13:49:56 INFO  Connection: 14 - Connectado!
17-09-2017 13:49:56 INFO  Executor: 49 - THREAD: pool-1-thread-1
17-09-2017 13:49:56 INFO  Executor: 50 - Classe: org.stBenchmark.stBen.crud.Insert iniciada
17-09-2017 13:49:56 INFO  Executor: 49 - THREAD: pool-1-thread-3
17-09-2017 13:49:56 INFO  Executor: 50 - Classe: org.stBenchmark.stBen.crud.Insert iniciada
17-09-2017 13:49:56 INFO  Executor: 49 - THREAD: pool-1-thread-2
17-09-2017 13:49:56 INFO  Executor: 50 - Classe: org.stBenchmark.stBen.crud.Insert iniciada
17-09-2017 13:49:57 INFO  Executor: 45 - Execução finalizada. Tempo total: 786 ms
17-09-2017 13:49:57 INFO  Executor: 45 - Execução finalizada. Tempo total: 877 ms
17-09-2017 13:49:57 INFO  Executor: 45 - Execução finalizada. Tempo total: 879 ms
17-09-2017 13:51:05 INFO  Connection: 14 - Connectado!
17-09-2017 13:51:05 INFO  Connection: 14 - Connectado!
17-09-2017 13:51:05 INFO  Connection: 14 - Connectado!
17-09-2017 13:51:05 INFO  Executor: 50 - THREAD: pool-1-thread-1
17-09-2017 13:51:05 INFO  Executor: 51 - Classe: org.stBenchmark.stBen.crud.Insert iniciada
17-09-2017 13:51:05 INFO  Executor: 50 - THREAD: pool-1-thread-2
17-09-2017 13:51:05 INFO  Executor: 50 - THREAD: pool-1-thread-3
17-09-2017 13:51:05 INFO  Executor: 51 - Classe: org.stBenchmark.stBen.crud.Insert iniciada
17-09-2017 13:51:05 INFO  Executor: 51 - Classe: org.stBenchmark.stBen.crud.Insert iniciada
17-09-2017 13:51:06 INFO  Executor: 45 - THREAD: pool-1-thread-3
17-09-2017 13:51:06 INFO  Executor: 46 - Execução finalizada. Tempo total: 870 ms
17-09-2017 13:51:06 INFO  Executor: 45 - THREAD: pool-1-thread-1
17-09-2017 13:51:06 INFO  Executor: 46 - Execução finalizada. Tempo total: 945 ms
17-09-2017 13:51:06 INFO  Executor: 45 - THREAD: pool-1-thread-2
17-09-2017 13:51:06 INFO  Executor: 46 - Execução finalizada. Tempo total: 943 ms
17-09-2017 13:53:12 INFO  Connection: 14 - Connectado!
17-09-2017 13:53:12 INFO  Connection: 14 - Connectado!
17-09-2017 13:53:12 INFO  Connection: 14 - Connectado!
17-09-2017 13:53:12 INFO  Executor: 50 - THREAD: pool-1-thread-3
17-09-2017 13:53:12 INFO  Executor: 50 - THREAD: pool-1-thread-1
17-09-2017 13:53:12 INFO  Executor: 51 - Classe: org.stBenchmark.stBen.crud.Insert iniciada
17-09-2017 13:53:12 INFO  Executor: 50 - THREAD: pool-1-thread-2
17-09-2017 13:53:12 INFO  Executor: 51 - Classe: org.stBenchmark.stBen.crud.Insert iniciada
17-09-2017 13:53:12 INFO  Executor: 51 - Classe: org.stBenchmark.stBen.crud.Insert iniciada
17-09-2017 13:53:12 INFO  Executor: 45 - THREAD: pool-1-thread-1
17-09-2017 13:53:12 INFO  Executor: 46 - Execução finalizada. Tempo total: 596 ms
17-09-2017 13:53:12 INFO  Executor: 45 - THREAD: pool-1-thread-3
17-09-2017 13:53:12 INFO  Executor: 46 - Execução finalizada. Tempo total: 668 ms
17-09-2017 13:53:12 INFO  Executor: 45 - THREAD: pool-1-thread-2
17-09-2017 13:53:12 INFO  Executor: 46 - Execução finalizada. Tempo total: 737 ms
17-09-2017 13:57:23 INFO  Connection: 14 - Connectado!
17-09-2017 13:57:23 INFO  Connection: 14 - Connectado!
17-09-2017 13:57:23 INFO  Connection: 14 - Connectado!
17-09-2017 13:57:23 INFO  Executor: 49 - THREAD: pool-1-thread-3 - execução iniciada
17-09-2017 13:57:23 INFO  Executor: 49 - THREAD: pool-1-thread-2 - execução iniciada
17-09-2017 13:57:23 INFO  Executor: 49 - THREAD: pool-1-thread-1 - execução iniciada
17-09-2017 13:57:23 INFO  Executor: 45 - THREAD: pool-1-thread-2 - execução finalizada. Tempo total: 742 ms
17-09-2017 13:57:23 INFO  Executor: 45 - THREAD: pool-1-thread-1 - execução finalizada. Tempo total: 744 ms
17-09-2017 13:57:24 INFO  Executor: 45 - THREAD: pool-1-thread-3 - execução finalizada. Tempo total: 851 ms
